<?xml version="1.0" encoding="UTF-8"?>
<!-- Generated by org.testng.reporters.JUnitReportReporter -->
<testsuite hostname="LAPTOP-P8G453U6" failures="0" tests="1" name="package1.Helloworld" time="0.052" errors="0" timestamp="2021-02-08T14:04:42 IST" skipped="0">
  <testcase classname="package1.Helloworld" name="tc1" time="0.052"/>
  <system-out/>
</testsuite> <!-- package1.Helloworld -->
